{
  "RSpec": {
    "coverage": {
      "/Users/ahmad/projects/ahmad/digidentity_bank/app/models/account.rb": {
        "lines": [
          1,
          1,
          1,
          null,
          1,
          null,
          1,
          1,
          1,
          null,
          1,
          null,
          null,
          null,
          null,
          1,
          3,
          2,
          null,
          1,
          1,
          null,
          null,
          null,
          1,
          2,
          null,
          null,
          1,
          1,
          1,
          null,
          null,
          1,
          2,
          2,
          null,
          1,
          1,
          null,
          null,
          1,
          null,
          1,
          45,
          null,
          45,
          0,
          null,
          null,
          45,
          null,
          null,
          1,
          45,
          null,
          null
        ]
      },
      "/Users/ahmad/projects/ahmad/digidentity_bank/spec/models/transaction_spec.rb": {
        "lines": [
          1,
          1,
          null,
          1,
          7,
          7,
          7,
          null,
          1,
          2,
          null,
          null,
          1,
          1,
          1,
          null,
          null,
          1,
          1,
          1,
          null,
          null,
          1,
          1,
          1,
          null,
          null,
          1,
          1,
          1,
          null,
          null,
          1,
          1,
          1,
          1,
          null,
          2,
          null,
          null,
          null
        ]
      },
      "/Users/ahmad/projects/ahmad/digidentity_bank/app/models/transaction.rb": {
        "lines": [
          1,
          1,
          null,
          null,
          null,
          null,
          1,
          null,
          null,
          null,
          null,
          null,
          null,
          1,
          1,
          null,
          1,
          null,
          1,
          1,
          null,
          1,
          null,
          1,
          2,
          null,
          null
        ]
      },
      "/Users/ahmad/projects/ahmad/digidentity_bank/spec/models/user_spec.rb": {
        "lines": [
          1,
          null,
          1,
          1,
          2,
          null,
          null,
          1,
          2,
          2,
          2,
          2,
          null,
          null
        ]
      }
    },
    "timestamp": 1660035254
  }
}
